<?xml version="1.0" encoding="UTF-8"?>
<testsuite name="SolutionTest" tests="6" skipped="0" failures="0" errors="0" timestamp="2022-06-14T04:45:11" hostname="yuanyu-ubuntu" time="0.048">
  <properties/>
  <testcase name="cloneGraphDFSExample1()" classname="SolutionTest" time="0.036"/>
  <testcase name="cloneGraphDFSExample2()" classname="SolutionTest" time="0.001"/>
  <testcase name="cloneGraphDFSExample3()" classname="SolutionTest" time="0.001"/>
  <testcase name="cloneGraphExample1()" classname="SolutionTest" time="0.002"/>
  <testcase name="cloneGraphExample2()" classname="SolutionTest" time="0.001"/>
  <testcase name="cloneGraphExample3()" classname="SolutionTest" time="0.001"/>
  <system-out><![CDATA[]]></system-out>
  <system-err><![CDATA[]]></system-err>
</testsuite>
